<?xml version="1.0" encoding="UTF-8" ?>
<testsuite tests="0" failures="0" name="runners.TestRunner" time="0" errors="0" skipped="0">
  <properties>
    <property name="JOB_NAME" value="Cucumber"/>
    <property name="java.vendor" value="Oracle Corporation"/>
    <property name="PWD" value="/"/>
    <property name="RUN_TESTS_DISPLAY_URL" value="http://localhost:8080/job/Cucumber/5/display/redirect?page=tests"/>
    <property name="sun.java.launcher" value="SUN_STANDARD"/>
    <property name="sun.management.compiler" value="HotSpot 64-Bit Tiered Compilers"/>
    <property name="JENKINS_HOME" value="/Users/hien/.jenkins"/>
    <property name="PATH" value="/Users/hien/Library/Java/JavaVirtualMachines/openjdk-18.0.1/Contents/Home/bin:/usr/bin:/bin:/usr/sbin:/sbin"/>
    <property name="JAVA_MAIN_CLASS_6027" value="executable.Main"/>
    <property name="HUDSON_SERVER_COOKIE" value="09721acf0e5edb02"/>
    <property name="POM_ARTIFACTID" value="untitled1"/>
    <property name="os.name" value="Mac OS X"/>
    <property name="EXECUTOR_NUMBER" value="0"/>
    <property name="java.vm.specification.vendor" value="Oracle Corporation"/>
    <property name="POM_DISPLAYNAME" value="untitled1"/>
    <property name="NODE_LABELS" value="built-in"/>
    <property name="java.runtime.version" value="18.0.1+10-24"/>
    <property name="user.name" value="hien"/>
    <property name="guice.disable.misplaced.annotation.check" value="true"/>
    <property name="user.language" value="en"/>
    <property name="JOB_BASE_NAME" value="Cucumber"/>
    <property name="RUN_CHANGES_DISPLAY_URL" value="http://localhost:8080/job/Cucumber/5/display/redirect?page=changes"/>
    <property name="BUILD_DISPLAY_NAME" value="#5"/>
    <property name="TMPDIR" value="/var/folders/hz/n2w9h2k15d5fyx7yzh1rbrqm0000gn/T/"/>
    <property name="sun.boot.library.path" value="/Users/hien/Library/Java/JavaVirtualMachines/openjdk-18.0.1/Contents/Home/lib"/>
    <property name="java.vm.compressedOopsMode" value="Zero based"/>
    <property name="java.version" value="18.0.1"/>
    <property name="XPC_FLAGS" value="0x0"/>
    <property name="user.timezone" value="Asia/Ho_Chi_Minh"/>
    <property name="sun.arch.data.model" value="64"/>
    <property name="NODE_NAME" value="built-in"/>
    <property name="http.nonProxyHosts" value="local|*.local|169.254/16|*.169.254/16"/>
    <property name="BUILD_ID" value="5"/>
    <property name="sun.jnu.encoding" value="UTF-8"/>
    <property name="SHELL" value="/bin/bash"/>
    <property name="file.separator" value="/"/>
    <property name="java.specification.name" value="Java Platform API Specification"/>
    <property name="maven.conf" value="/Users/hien/.jenkins/tools/hudson.tasks.Maven_MavenInstallation/maven_3.8.6/conf"/>
    <property name="java.class.version" value="62.0"/>
    <property name="org.slf4j.simpleLogger.defaultLogLevel" value="info"/>
    <property name="user.country" value="VN"/>
    <property name="java.home" value="/Users/hien/Library/Java/JavaVirtualMachines/openjdk-18.0.1/Contents/Home"/>
    <property name="java.vm.info" value="mixed mode, sharing"/>
    <property name="os.version" value="12.0.1"/>
    <property name="RUN_DISPLAY_URL" value="http://localhost:8080/job/Cucumber/5/display/redirect"/>
    <property name="POM_VERSION" value="1.0-SNAPSHOT"/>
    <property name="path.separator" value=":"/>
    <property name="RUN_ARTIFACTS_DISPLAY_URL" value="http://localhost:8080/job/Cucumber/5/display/redirect?page=artifacts"/>
    <property name="java.vm.version" value="18.0.1+10-24"/>
    <property name="JOB_DISPLAY_URL" value="http://localhost:8080/job/Cucumber/display/redirect"/>
    <property name="SHLVL" value="0"/>
    <property name="JAVA_HOME" value="/Users/hien/Library/Java/JavaVirtualMachines/openjdk-18.0.1/Contents/Home"/>
    <property name="sun.io.unicode.encoding" value="UnicodeBig"/>
    <property name="LOGNAME" value="hien"/>
    <property name="POM_PACKAGING" value="jar"/>
    <property name="socksNonProxyHosts" value="local|*.local|169.254/16|*.169.254/16"/>
    <property name="HOME" value="/Users/hien"/>
    <property name="ftp.nonProxyHosts" value="local|*.local|169.254/16|*.169.254/16"/>
    <property name="POM_GROUPID" value="org.example"/>
    <property name="user.home" value="/Users/hien"/>
    <property name="BUILD_TAG" value="jenkins-Cucumber-5"/>
    <property name="JENKINS_SERVER_COOKIE" value="09721acf0e5edb02"/>
    <property name="XPC_SERVICE_NAME" value="homebrew.mxcl.jenkins"/>
    <property name="HUDSON_URL" value="http://localhost:8080/"/>
    <property name="java.version.date" value="2022-04-19"/>
    <property name="java.specification.vendor" value="Oracle Corporation"/>
    <property name="CLASSPATH" value=""/>
    <property name="java.library.path" value="/Users/hien/Library/Java/Extensions:/Library/Java/Extensions:/Network/Library/Java/Extensions:/System/Library/Java/Extensions:/usr/lib/java:."/>
    <property name="java.vendor.url" value="https://java.oracle.com/"/>
    <property name="java.vm.vendor" value="Oracle Corporation"/>
    <property name="java.runtime.name" value="OpenJDK Runtime Environment"/>
    <property name="maven.home" value="/Users/hien/.jenkins/tools/hudson.tasks.Maven_MavenInstallation/maven_3.8.6"/>
    <property name="sun.java.command" value="jenkins.maven3.agent.Maven35Main /Users/hien/.jenkins/tools/hudson.tasks.Maven_MavenInstallation/maven_3.8.6 /Users/hien/.jenkins/war/WEB-INF/lib/remoting-3028.va_a_436db_35078.jar /Users/hien/.jenkins/plugins/maven-plugin/WEB-INF/lib/maven35-interceptor-1.13.jar /Users/hien/.jenkins/plugins/maven-plugin/WEB-INF/lib/maven3-interceptor-commons-1.13.jar 55309"/>
    <property name="java.class.path" value="/Users/hien/.jenkins/plugins/maven-plugin/WEB-INF/lib/maven35-agent-1.13.jar:/Users/hien/.jenkins/tools/hudson.tasks.Maven_MavenInstallation/maven_3.8.6/boot/plexus-classworlds-2.6.0.jar:/Users/hien/.jenkins/tools/hudson.tasks.Maven_MavenInstallation/maven_3.8.6/conf/logging"/>
    <property name="native.encoding" value="UTF-8"/>
    <property name="jdk.debug" value="release"/>
    <property name="java.vm.specification.name" value="Java Virtual Machine Specification"/>
    <property name="jansi.mode" value="strip"/>
    <property name="PATH+JDK" value="/Users/hien/Library/Java/JavaVirtualMachines/openjdk-18.0.1/Contents/Home/bin"/>
    <property name="java.vm.specification.version" value="18"/>
    <property name="M2_HOME" value="/Users/hien/.jenkins/tools/hudson.tasks.Maven_MavenInstallation/maven_3.8.6"/>
    <property name="sun.cpu.endian" value="little"/>
    <property name="CI" value="true"/>
    <property name="java.io.tmpdir" value="/var/folders/hz/n2w9h2k15d5fyx7yzh1rbrqm0000gn/T/"/>
    <property name="HUDSON_HOME" value="/Users/hien/.jenkins"/>
    <property name="PATH+MAVEN" value="/Users/hien/.jenkins/tools/hudson.tasks.Maven_MavenInstallation/maven_3.8.6/bin"/>
    <property name="java.vendor.url.bug" value="https://bugreport.java.com/bugreport/"/>
    <property name="BUILD_URL" value="http://localhost:8080/job/Cucumber/5/"/>
    <property name="SSH_AUTH_SOCK" value="/private/tmp/com.apple.launchd.HVVlbb1EL4/Listeners"/>
    <property name="os.arch" value="x86_64"/>
    <property name="__CF_USER_TEXT_ENCODING" value="0x1F5:0x0:0x0"/>
    <property name="user.dir" value="/Users/hien/IdeaProjects/ProjectToolsQA"/>
    <property name="JOB_URL" value="http://localhost:8080/job/Cucumber/"/>
    <property name="apple.awt.application.name" value="Maven35Main"/>
    <property name="MAVEN_HOME" value="/Users/hien/.jenkins/tools/hudson.tasks.Maven_MavenInstallation/maven_3.8.6"/>
    <property name="line.separator" value="
"/>
    <property name="java.vm.name" value="OpenJDK 64-Bit Server VM"/>
    <property name="BUILD_NUMBER" value="5"/>
    <property name="JENKINS_URL" value="http://localhost:8080/"/>
    <property name="file.encoding" value="UTF-8"/>
    <property name="maven3.interceptor" value="/Users/hien/.jenkins/plugins/maven-plugin/WEB-INF/lib/maven35-interceptor-1.13.jar"/>
    <property name="WORKSPACE_TMP" value="/Users/hien/.jenkins/workspace/Cucumber@tmp"/>
    <property name="WORKSPACE" value="/Users/hien/.jenkins/workspace/Cucumber"/>
    <property name="maven3.interceptor.common" value="/Users/hien/.jenkins/plugins/maven-plugin/WEB-INF/lib/maven3-interceptor-commons-1.13.jar"/>
    <property name="java.specification.version" value="18"/>
    <property name="USER" value="hien"/>
  </properties>
</testsuite>